{"/Users/markusmatoni/git/jskos-server-ui/src/App.vue": {"path":"/Users/markusmatoni/git/jskos-server-ui/src/App.vue","statementMap":{"0":{"start":{"line":10,"column":14},"end":{"line":10,"column":null}},"1":{"start":{"line":11,"column":14},"end":{"line":11,"column":null}},"2":{"start":{"line":12,"column":0},"end":{"line":12,"column":null}},"3":{"start":{"line":14,"column":0},"end":{"line":21,"column":null}},"4":{"start":{"line":15,"column":2},"end":{"line":15,"column":null}},"5":{"start":{"line":16,"column":2},"end":{"line":20,"column":null}},"6":{"start":{"line":17,"column":4},"end":{"line":17,"column":null}},"7":{"start":{"line":18,"column":9},"end":{"line":20,"column":null}},"8":{"start":{"line":19,"column":4},"end":{"line":19,"column":null}},"9":{"start":{"line":28,"column":10},"end":{"line":28,"column":null}},"10":{"start":{"line":25,"column":2},"end":{"line":32,"column":null}},"11":{"start":{"line":26,"column":17},"end":{"line":32,"column":null}}},"fnMap":{"0":{"name":"(anonymous_0)","decl":{"start":{"line":14,"column":10},"end":{"line":14,"column":15}},"loc":{"start":{"line":14,"column":22},"end":{"line":21,"column":1}},"line":14},"1":{"name":"(anonymous_1)","decl":{"start":{"line":26,"column":4},"end":{"line":26,"column":17}},"loc":{"start":{"line":26,"column":17},"end":{"line":32,"column":null}},"line":26}},"branchMap":{"0":{"loc":{"start":{"line":16,"column":2},"end":{"line":20,"column":null}},"type":"if","locations":[{"start":{"line":16,"column":2},"end":{"line":20,"column":null}},{"start":{"line":18,"column":9},"end":{"line":20,"column":null}}],"line":16},"1":{"loc":{"start":{"line":18,"column":9},"end":{"line":20,"column":null}},"type":"if","locations":[{"start":{"line":18,"column":9},"end":{"line":20,"column":null}},{"start":{},"end":{}}],"line":18}},"s":{"0":4,"1":4,"2":4,"3":4,"4":4,"5":4,"6":1,"7":3,"8":1,"9":1,"10":4,"11":4},"f":{"0":4,"1":4},"b":{"0":[1,3],"1":[1,2]},"meta":{"lastBranch":2,"lastFunction":2,"lastStatement":12,"seen":{"s:10:14:10:Infinity":0,"s:11:14:11:Infinity":1,"s:12:0:12:Infinity":2,"s:14:0:21:Infinity":3,"f:14:10:14:15":0,"s:15:2:15:Infinity":4,"b:16:2:20:Infinity:18:9:20:Infinity":0,"s:16:2:20:Infinity":5,"s:17:4:17:Infinity":6,"b:18:9:20:Infinity:undefined:undefined:undefined:undefined":1,"s:18:9:20:Infinity":7,"s:19:4:19:Infinity":8,"s:28:10:28:Infinity":9,"s:25:2:32:Infinity":10,"f:26:4:26:17":1,"s:26:17:32:Infinity":11}}}
,"/Users/markusmatoni/git/jskos-server-ui/src/jskos-vue.d.ts": {"path":"/Users/markusmatoni/git/jskos-server-ui/src/jskos-vue.d.ts","statementMap":{},"fnMap":{},"branchMap":{},"s":{},"f":{},"b":{},"meta":{"lastBranch":0,"lastFunction":0,"lastStatement":0,"seen":{}}}
,"/Users/markusmatoni/git/jskos-server-ui/src/style.css": {"path":"/Users/markusmatoni/git/jskos-server-ui/src/style.css","statementMap":{},"fnMap":{},"branchMap":{},"s":{},"f":{},"b":{},"meta":{"lastBranch":0,"lastFunction":0,"lastStatement":0,"seen":{}}}
,"/Users/markusmatoni/git/jskos-server-ui/src/components/AppFooter.vue": {"path":"/Users/markusmatoni/git/jskos-server-ui/src/components/AppFooter.vue","statementMap":{"0":{"start":{"line":6,"column":18},"end":{"line":6,"column":null}},"1":{"start":{"line":7,"column":15},"end":{"line":7,"column":null}},"2":{"start":{"line":8,"column":15},"end":{"line":8,"column":null}},"3":{"start":{"line":4,"column":14},"end":{"line":4,"column":null}},"4":{"start":{"line":5,"column":16},"end":{"line":5,"column":null}},"5":{"start":{"line":13,"column":4},"end":{"line":13,"column":null}},"6":{"start":{"line":15,"column":10},"end":{"line":15,"column":null}},"7":{"start":{"line":17,"column":31},"end":{"line":17,"column":47}},"8":{"start":{"line":34,"column":10},"end":{"line":34,"column":null}},"9":{"start":{"line":12,"column":2},"end":{"line":38,"column":null}}},"fnMap":{"0":{"name":"(anonymous_0)","decl":{"start":{"line":35,"column":54},"end":{"line":35,"column":62}},"loc":{"start":{"line":35,"column":31},"end":{"line":38,"column":null}},"line":35}},"branchMap":{"0":{"loc":{"start":{"line":17,"column":9},"end":{"line":17,"column":31}},"type":"binary-expr","locations":[{"start":{"line":17,"column":9},"end":{"line":17,"column":25}},{"start":{"line":17,"column":9},"end":{"line":17,"column":31}}],"line":17},"1":{"loc":{"start":{"line":19,"column":6},"end":{"line":19,"column":38}},"type":"binary-expr","locations":[{"start":{"line":19,"column":6},"end":{"line":19,"column":12}},{"start":{"line":19,"column":6},"end":{"line":19,"column":38}}],"line":19},"2":{"loc":{"start":{"line":29,"column":6},"end":{"line":29,"column":38}},"type":"binary-expr","locations":[{"start":{"line":29,"column":6},"end":{"line":29,"column":12}},{"start":{"line":29,"column":6},"end":{"line":29,"column":38}}],"line":29},"3":{"loc":{"start":{"line":31,"column":6},"end":{"line":31,"column":38}},"type":"binary-expr","locations":[{"start":{"line":31,"column":6},"end":{"line":31,"column":12}},{"start":{"line":31,"column":6},"end":{"line":31,"column":38}}],"line":31},"4":{"loc":{"start":{"line":36,"column":20},"end":{"line":36,"column":53}},"type":"cond-expr","locations":[{"start":{"line":36,"column":8},"end":{"line":36,"column":53}}],"line":36},"5":{"loc":{"start":{"line":37,"column":18},"end":{"line":37,"column":45}},"type":"binary-expr","locations":[{"start":{"line":37,"column":18},"end":{"line":37,"column":26}},{"start":{"line":37,"column":26},"end":{"line":37,"column":45}}],"line":37}},"s":{"0":1,"1":1,"2":1,"3":0,"4":0,"5":1,"6":1,"7":1,"8":1,"9":0},"f":{"0":0},"b":{"0":[0,0],"1":[0,0],"2":[0,0],"3":[0,0],"4":[0],"5":[0,0]},"meta":{"lastBranch":6,"lastFunction":1,"lastStatement":10,"seen":{"s:6:18:6:Infinity":0,"s:7:15:7:Infinity":1,"s:8:15:8:Infinity":2,"s:4:14:4:Infinity":3,"s:5:16:5:Infinity":4,"s:13:4:13:Infinity":5,"s:15:10:15:Infinity":6,"s:17:31:17:47":7,"s:34:10:34:Infinity":8,"s:12:2:38:Infinity":9,"b:17:9:17:25:17:9:17:31":0,"b:19:6:19:12:19:6:19:38":1,"b:29:6:29:12:29:6:29:38":2,"b:31:6:31:12:31:6:31:38":3,"f:35:54:35:62":0,"b:36:8:36:53":4,"b:37:18:37:26:37:26:37:45":5}}}
,"/Users/markusmatoni/git/jskos-server-ui/src/components/AppNavbar.vue": {"path":"/Users/markusmatoni/git/jskos-server-ui/src/components/AppNavbar.vue","statementMap":{"0":{"start":{"line":15,"column":24},"end":{"line":15,"column":null}},"1":{"start":{"line":16,"column":13},"end":{"line":16,"column":null}},"2":{"start":{"line":18,"column":17},"end":{"line":21,"column":null}},"3":{"start":{"line":25,"column":2},"end":{"line":78,"column":42}},"4":{"start":{"line":33,"column":19},"end":{"line":78,"column":42}},"5":{"start":{"line":31,"column":8},"end":{"line":33,"column":19}},"6":{"start":{"line":35,"column":50},"end":{"line":35,"column":77}},"7":{"start":{"line":39,"column":15},"end":{"line":39,"column":null}},"8":{"start":{"line":58,"column":19},"end":{"line":56,"column":null}},"9":{"start":{"line":45,"column":34},"end":{"line":56,"column":null}},"10":{"start":{"line":44,"column":8},"end":{"line":51,"column":26}},"11":{"start":{"line":49,"column":18},"end":{"line":49,"column":null}},"12":{"start":{"line":51,"column":26},"end":{"line":51,"column":26}},"13":{"start":{"line":55,"column":19},"end":{"line":55,"column":null}},"14":{"start":{"line":65,"column":32},"end":{"line":78,"column":42}},"15":{"start":{"line":64,"column":6},"end":{"line":70,"column":24}},"16":{"start":{"line":70,"column":24},"end":{"line":70,"column":24}},"17":{"start":{"line":76,"column":15},"end":{"line":75,"column":32}},"18":{"start":{"line":78,"column":28},"end":{"line":78,"column":42}}},"fnMap":{"0":{"name":"(anonymous_0)","decl":{"start":{"line":26,"column":4},"end":{"line":26,"column":18}},"loc":{"start":{"line":33,"column":19},"end":{"line":78,"column":42}},"line":33},"1":{"name":"(anonymous_1)","decl":{"start":{"line":27,"column":6},"end":{"line":27,"column":null}},"loc":{"start":{"line":31,"column":8},"end":{"line":33,"column":19}},"line":31},"2":{"name":"(anonymous_2)","decl":{"start":{"line":35,"column":48},"end":{"line":35,"column":50}},"loc":{"start":{"line":35,"column":50},"end":{"line":35,"column":77}},"line":35},"3":{"name":"(anonymous_3)","decl":{"start":{"line":39,"column":15},"end":{"line":39,"column":31}},"loc":{"start":{"line":39,"column":15},"end":{"line":39,"column":null}},"line":39},"4":{"name":"(anonymous_4)","decl":{"start":{"line":43,"column":6},"end":{"line":43,"column":18}},"loc":{"start":{"line":58,"column":19},"end":{"line":56,"column":null}},"line":58},"5":{"name":"(anonymous_5)","decl":{"start":{"line":45,"column":10},"end":{"line":45,"column":17}},"loc":{"start":{"line":45,"column":34},"end":{"line":56,"column":null}},"line":45},"6":{"name":"(anonymous_6)","decl":{"start":{"line":45,"column":33},"end":{"line":45,"column":34}},"loc":{"start":{"line":45,"column":21},"end":{"line":51,"column":26}},"line":45},"7":{"name":"(anonymous_7)","decl":{"start":{"line":49,"column":16},"end":{"line":49,"column":18}},"loc":{"start":{"line":49,"column":18},"end":{"line":49,"column":null}},"line":49},"8":{"name":"(anonymous_8)","decl":{"start":{"line":51,"column":10},"end":{"line":51,"column":13}},"loc":{"start":{"line":51,"column":26},"end":{"line":51,"column":26}},"line":51},"9":{"name":"(anonymous_9)","decl":{"start":{"line":55,"column":19},"end":{"line":55,"column":24}},"loc":{"start":{"line":55,"column":19},"end":{"line":55,"column":null}},"line":55},"10":{"name":"(anonymous_10)","decl":{"start":{"line":65,"column":8},"end":{"line":65,"column":15}},"loc":{"start":{"line":65,"column":32},"end":{"line":78,"column":42}},"line":65},"11":{"name":"(anonymous_11)","decl":{"start":{"line":65,"column":31},"end":{"line":65,"column":32}},"loc":{"start":{"line":65,"column":19},"end":{"line":70,"column":24}},"line":65},"12":{"name":"(anonymous_12)","decl":{"start":{"line":70,"column":8},"end":{"line":70,"column":11}},"loc":{"start":{"line":70,"column":24},"end":{"line":70,"column":24}},"line":70},"13":{"name":"(anonymous_13)","decl":{"start":{"line":73,"column":8},"end":{"line":73,"column":null}},"loc":{"start":{"line":76,"column":15},"end":{"line":75,"column":32}},"line":76},"14":{"name":"(anonymous_14)","decl":{"start":{"line":78,"column":28},"end":{"line":78,"column":33}},"loc":{"start":{"line":78,"column":28},"end":{"line":78,"column":42}},"line":78}},"branchMap":{"0":{"loc":{"start":{"line":31,"column":8},"end":{"line":33,"column":19}},"type":"binary-expr","locations":[{"start":{"line":31,"column":8},"end":{"line":31,"column":null}},{"start":{"line":31,"column":8},"end":{"line":33,"column":19}}],"line":31},"1":{"loc":{"start":{"line":35,"column":48},"end":{"line":35,"column":77}},"type":"binary-expr","locations":[{"start":{"line":35,"column":48},"end":{"line":35,"column":50}},{"start":{"line":35,"column":48},"end":{"line":35,"column":77}}],"line":35},"2":{"loc":{"start":{"line":39,"column":15},"end":{"line":39,"column":null}},"type":"binary-expr","locations":[{"start":{"line":39,"column":15},"end":{"line":39,"column":31}},{"start":{"line":39,"column":15},"end":{"line":39,"column":null}}],"line":39},"3":{"loc":{"start":{"line":49,"column":16},"end":{"line":49,"column":null}},"type":"binary-expr","locations":[{"start":{"line":49,"column":16},"end":{"line":49,"column":18}},{"start":{"line":49,"column":16},"end":{"line":49,"column":null}}],"line":49},"4":{"loc":{"start":{"line":53,"column":8},"end":{"line":53,"column":null}},"type":"binary-expr","locations":[{"start":{"line":53,"column":8},"end":{"line":53,"column":14}},{"start":{"line":53,"column":8},"end":{"line":53,"column":null}}],"line":53},"5":{"loc":{"start":{"line":55,"column":19},"end":{"line":55,"column":null}},"type":"binary-expr","locations":[{"start":{"line":55,"column":19},"end":{"line":55,"column":24}},{"start":{"line":55,"column":19},"end":{"line":55,"column":null}}],"line":55},"6":{"loc":{"start":{"line":76,"column":15},"end":{"line":75,"column":32}},"type":"binary-expr","locations":[{"start":{"line":76,"column":15},"end":{"line":76,"column":null}},{"start":{"line":76,"column":15},"end":{"line":75,"column":32}}],"line":76},"7":{"loc":{"start":{"line":78,"column":28},"end":{"line":78,"column":42}},"type":"binary-expr","locations":[{"start":{"line":78,"column":28},"end":{"line":78,"column":33}},{"start":{"line":78,"column":28},"end":{"line":78,"column":42}}],"line":78}},"s":{"0":0,"1":0,"2":0,"3":0,"4":0,"5":0,"6":0,"7":0,"8":0,"9":0,"10":0,"11":0,"12":0,"13":0,"14":0,"15":0,"16":0,"17":0,"18":0},"f":{"0":0,"1":0,"2":0,"3":0,"4":0,"5":0,"6":0,"7":0,"8":0,"9":0,"10":0,"11":0,"12":0,"13":0,"14":0},"b":{"0":[0,0],"1":[0,0],"2":[0,0],"3":[0,0],"4":[0,0],"5":[0,0],"6":[0,0],"7":[0,0]},"meta":{"lastBranch":8,"lastFunction":15,"lastStatement":19,"seen":{"s:15:24:15:Infinity":0,"s:16:13:16:Infinity":1,"s:18:17:21:Infinity":2,"s:25:2:78:42":3,"f:26:4:26:18":0,"s:33:19:78:42":4,"f:27:6:27:Infinity":1,"s:31:8:33:19":5,"b:31:8:31:Infinity:31:8:33:19":0,"b:35:48:35:50:35:48:35:77":1,"f:35:48:35:50":2,"s:35:50:35:77":6,"b:39:15:39:31:39:15:39:Infinity":2,"f:39:15:39:31":3,"s:39:15:39:Infinity":7,"f:43:6:43:18":4,"s:58:19:56:Infinity":8,"f:45:10:45:17":5,"s:45:34:56:Infinity":9,"f:45:33:45:34":6,"s:44:8:51:26":10,"b:49:16:49:18:49:16:49:Infinity":3,"f:49:16:49:18":7,"s:49:18:49:Infinity":11,"f:51:10:51:13":8,"s:51:26:51:26":12,"b:53:8:53:14:53:8:53:Infinity":4,"b:55:19:55:24:55:19:55:Infinity":5,"f:55:19:55:24":9,"s:55:19:55:Infinity":13,"f:65:8:65:15":10,"s:65:32:78:42":14,"f:65:31:65:32":11,"s:64:6:70:24":15,"f:70:8:70:11":12,"s:70:24:70:24":16,"f:73:8:73:Infinity":13,"s:76:15:75:32":17,"b:76:15:76:Infinity:76:15:75:32":6,"b:78:28:78:33:78:28:78:42":7,"f:78:28:78:33":14,"s:78:28:78:42":18}}}
,"/Users/markusmatoni/git/jskos-server-ui/src/components/ThemeToggle.vue": {"path":"/Users/markusmatoni/git/jskos-server-ui/src/components/ThemeToggle.vue","statementMap":{"0":{"start":{"line":4,"column":13},"end":{"line":4,"column":null}},"1":{"start":{"line":5,"column":14},"end":{"line":5,"column":null}},"2":{"start":{"line":8,"column":16},"end":{"line":8,"column":null}},"3":{"start":{"line":14,"column":9},"end":{"line":14,"column":null}},"4":{"start":{"line":12,"column":2},"end":{"line":25,"column":null}},"5":{"start":{"line":22,"column":17},"end":{"line":22,"column":46}}},"fnMap":{"0":{"name":"(anonymous_0)","decl":{"start":{"line":22,"column":15},"end":{"line":22,"column":17}},"loc":{"start":{"line":22,"column":17},"end":{"line":22,"column":46}},"line":22}},"branchMap":{"0":{"loc":{"start":{"line":13,"column":13},"end":{"line":13,"column":76}},"type":"cond-expr","locations":[{"start":{"line":13,"column":4},"end":{"line":13,"column":76}}],"line":13},"1":{"loc":{"start":{"line":21,"column":21},"end":{"line":21,"column":null}},"type":"cond-expr","locations":[{"start":{"line":21,"column":26},"end":{"line":21,"column":null}},{"start":{"line":21,"column":26},"end":{"line":21,"column":null}}],"line":21},"2":{"loc":{"start":{"line":22,"column":15},"end":{"line":22,"column":null}},"type":"binary-expr","locations":[{"start":{"line":22,"column":15},"end":{"line":22,"column":17}},{"start":{"line":22,"column":15},"end":{"line":22,"column":null}}],"line":22}},"s":{"0":0,"1":0,"2":0,"3":1,"4":0,"5":0},"f":{"0":0},"b":{"0":[0],"1":[0,0],"2":[0,0]},"meta":{"lastBranch":0,"lastFunction":0,"lastStatement":0,"seen":{}}}
,"/Users/markusmatoni/git/jskos-server-ui/src/components/ViewTitle.vue": {"path":"/Users/markusmatoni/git/jskos-server-ui/src/components/ViewTitle.vue","statementMap":{"0":{"start":{"line":2,"column":6},"end":{"line":2,"column":null}},"1":{"start":{"line":2,"column":2},"end":{"line":3,"column":null}}},"fnMap":{},"branchMap":{},"s":{"0":2,"1":0},"f":{},"b":{},"meta":{"lastBranch":0,"lastFunction":0,"lastStatement":2,"seen":{"s:2:6:2:Infinity":0,"s:2:2:3:Infinity":1}}}
,"/Users/markusmatoni/git/jskos-server-ui/src/composables/useCountUp.js": {"path":"/Users/markusmatoni/git/jskos-server-ui/src/composables/useCountUp.js","statementMap":{"0":{"start":{"line":5,"column":1},"end":{"line":12,"column":null}},"1":{"start":{"line":6,"column":4},"end":{"line":6,"column":null}},"2":{"start":{"line":6,"column":30},"end":{"line":6,"column":null}},"3":{"start":{"line":7,"column":4},"end":{"line":11,"column":null}}},"fnMap":{"0":{"name":"useCountUp","decl":{"start":{"line":4,"column":16},"end":{"line":4,"column":26}},"loc":{"start":{"line":4,"column":58},"end":{"line":13,"column":null}},"line":4},"1":{"name":"(anonymous_1)","decl":{"start":{"line":5,"column":27},"end":{"line":5,"column":28}},"loc":{"start":{"line":5,"column":44},"end":{"line":12,"column":3}},"line":5}},"branchMap":{"0":{"loc":{"start":{"line":4,"column":44},"end":{"line":4,"column":56}},"type":"default-arg","locations":[{"start":{"line":4,"column":54},"end":{"line":4,"column":56}}],"line":4},"1":{"loc":{"start":{"line":6,"column":4},"end":{"line":6,"column":null}},"type":"if","locations":[{"start":{"line":6,"column":4},"end":{"line":6,"column":null}},{"start":{},"end":{}}],"line":6},"2":{"loc":{"start":{"line":6,"column":8},"end":{"line":6,"column":28}},"type":"binary-expr","locations":[{"start":{"line":6,"column":8},"end":{"line":6,"column":11}},{"start":{"line":6,"column":15},"end":{"line":6,"column":28}}],"line":6}},"s":{"0":0,"1":0,"2":0,"3":0},"f":{"0":0,"1":0},"b":{"0":[0],"1":[0,0],"2":[0,0]},"meta":{"lastBranch":3,"lastFunction":2,"lastStatement":4,"seen":{"f:4:16:4:26":0,"b:4:54:4:56":0,"s:5:1:12:Infinity":0,"f:5:27:5:28":1,"b:6:4:6:Infinity:undefined:undefined:undefined:undefined":1,"s:6:4:6:Infinity":1,"b:6:8:6:11:6:15:6:28":2,"s:6:30:6:Infinity":2,"s:7:4:11:Infinity":3}}}
,"/Users/markusmatoni/git/jskos-server-ui/src/router/index.js": {"path":"/Users/markusmatoni/git/jskos-server-ui/src/router/index.js","statementMap":{"0":{"start":{"line":5,"column":20},"end":{"line":5,"column":null}},"1":{"start":{"line":5,"column":26},"end":{"line":5,"column":null}}},"fnMap":{"0":{"name":"(anonymous_0)","decl":{"start":{"line":5,"column":20},"end":{"line":5,"column":21}},"loc":{"start":{"line":5,"column":26},"end":{"line":5,"column":null}},"line":5}},"branchMap":{},"s":{"0":0,"1":0},"f":{"0":0},"b":{},"meta":{"lastBranch":0,"lastFunction":1,"lastStatement":2,"seen":{"s:5:20:5:Infinity":0,"f:5:20:5:21":0,"s:5:26:5:Infinity":1}}}
,"/Users/markusmatoni/git/jskos-server-ui/src/stores/config.js": {"path":"/Users/markusmatoni/git/jskos-server-ui/src/stores/config.js","statementMap":{"0":{"start":{"line":4,"column":29},"end":{"line":17,"column":null}},"1":{"start":{"line":5,"column":23},"end":{"line":5,"column":null}},"2":{"start":{"line":6,"column":21},"end":{"line":6,"column":null}},"3":{"start":{"line":9,"column":16},"end":{"line":9,"column":null}},"4":{"start":{"line":10,"column":4},"end":{"line":10,"column":null}},"5":{"start":{"line":10,"column":17},"end":{"line":10,"column":null}},"6":{"start":{"line":11,"column":17},"end":{"line":11,"column":null}},"7":{"start":{"line":12,"column":4},"end":{"line":12,"column":null}},"8":{"start":{"line":13,"column":4},"end":{"line":13,"column":null}},"9":{"start":{"line":16,"column":2},"end":{"line":16,"column":null}}},"fnMap":{"0":{"name":"(anonymous_0)","decl":{"start":{"line":4,"column":52},"end":{"line":4,"column":53}},"loc":{"start":{"line":4,"column":58},"end":{"line":17,"column":1}},"line":4},"1":{"name":"loadConfig","decl":{"start":{"line":8,"column":17},"end":{"line":8,"column":27}},"loc":{"start":{"line":8,"column":30},"end":{"line":14,"column":null}},"line":8}},"branchMap":{"0":{"loc":{"start":{"line":10,"column":4},"end":{"line":10,"column":null}},"type":"if","locations":[{"start":{"line":10,"column":4},"end":{"line":10,"column":null}},{"start":{},"end":{}}],"line":10},"1":{"loc":{"start":{"line":12,"column":26},"end":{"line":12,"column":null}},"type":"binary-expr","locations":[{"start":{"line":12,"column":26},"end":{"line":12,"column":44}},{"start":{"line":12,"column":48},"end":{"line":12,"column":null}}],"line":12},"2":{"loc":{"start":{"line":13,"column":24},"end":{"line":13,"column":null}},"type":"binary-expr","locations":[{"start":{"line":13,"column":24},"end":{"line":13,"column":42}},{"start":{"line":13,"column":46},"end":{"line":13,"column":null}}],"line":13}},"s":{"0":2,"1":9,"2":9,"3":8,"4":8,"5":1,"6":7,"7":7,"8":8,"9":9},"f":{"0":9,"1":8},"b":{"0":[1,7],"1":[7,5],"2":[8,6]},"meta":{"lastBranch":3,"lastFunction":2,"lastStatement":10,"seen":{"s:4:29:17:Infinity":0,"f:4:52:4:53":0,"s:5:23:5:Infinity":1,"s:6:21:6:Infinity":2,"f:8:17:8:27":1,"s:9:16:9:Infinity":3,"b:10:4:10:Infinity:undefined:undefined:undefined:undefined":0,"s:10:4:10:Infinity":4,"s:10:17:10:Infinity":5,"s:11:17:11:Infinity":6,"s:12:4:12:Infinity":7,"b:12:26:12:44:12:48:12:Infinity":1,"s:13:4:13:Infinity":8,"b:13:24:13:42:13:46:13:Infinity":2,"s:16:2:16:Infinity":9}}}
,"/Users/markusmatoni/git/jskos-server-ui/src/stores/server.js": {"path":"/Users/markusmatoni/git/jskos-server-ui/src/stores/server.js","statementMap":{"0":{"start":{"line":6,"column":19},"end":{"line":6,"column":null}},"1":{"start":{"line":7,"column":23},"end":{"line":7,"column":null}},"2":{"start":{"line":9,"column":29},"end":{"line":94,"column":null}},"3":{"start":{"line":10,"column":19},"end":{"line":10,"column":null}},"4":{"start":{"line":11,"column":17},"end":{"line":11,"column":null}},"5":{"start":{"line":12,"column":18},"end":{"line":12,"column":null}},"6":{"start":{"line":13,"column":26},"end":{"line":13,"column":null}},"7":{"start":{"line":14,"column":16},"end":{"line":14,"column":null}},"8":{"start":{"line":15,"column":22},"end":{"line":15,"column":null}},"9":{"start":{"line":16,"column":15},"end":{"line":16,"column":null}},"10":{"start":{"line":19,"column":4},"end":{"line":19,"column":null}},"11":{"start":{"line":20,"column":4},"end":{"line":20,"column":null}},"12":{"start":{"line":21,"column":4},"end":{"line":51,"column":null}},"13":{"start":{"line":22,"column":18},"end":{"line":26,"column":null}},"14":{"start":{"line":27,"column":6},"end":{"line":27,"column":null}},"15":{"start":{"line":28,"column":6},"end":{"line":32,"column":null}},"16":{"start":{"line":29,"column":8},"end":{"line":31,"column":null}},"17":{"start":{"line":33,"column":26},"end":{"line":37,"column":null}},"18":{"start":{"line":38,"column":6},"end":{"line":38,"column":null}},"19":{"start":{"line":39,"column":6},"end":{"line":39,"column":null}},"20":{"start":{"line":40,"column":6},"end":{"line":40,"column":null}},"21":{"start":{"line":41,"column":6},"end":{"line":41,"column":null}},"22":{"start":{"line":42,"column":6},"end":{"line":42,"column":null}},"23":{"start":{"line":43,"column":6},"end":{"line":43,"column":null}},"24":{"start":{"line":44,"column":6},"end":{"line":44,"column":null}},"25":{"start":{"line":45,"column":6},"end":{"line":48,"column":null}},"26":{"start":{"line":46,"column":8},"end":{"line":46,"column":null}},"27":{"start":{"line":47,"column":8},"end":{"line":47,"column":null}},"28":{"start":{"line":50,"column":6},"end":{"line":50,"column":null}},"29":{"start":{"line":55,"column":4},"end":{"line":55,"column":null}},"30":{"start":{"line":56,"column":4},"end":{"line":56,"column":null}},"31":{"start":{"line":57,"column":4},"end":{"line":57,"column":null}},"32":{"start":{"line":58,"column":4},"end":{"line":58,"column":null}},"33":{"start":{"line":59,"column":4},"end":{"line":59,"column":null}},"34":{"start":{"line":60,"column":4},"end":{"line":60,"column":null}},"35":{"start":{"line":61,"column":4},"end":{"line":61,"column":null}},"36":{"start":{"line":65,"column":4},"end":{"line":65,"column":null}},"37":{"start":{"line":65,"column":48},"end":{"line":65,"column":57}},"38":{"start":{"line":66,"column":4},"end":{"line":66,"column":null}},"39":{"start":{"line":67,"column":4},"end":{"line":69,"column":null}},"40":{"start":{"line":68,"column":6},"end":{"line":68,"column":null}},"41":{"start":{"line":73,"column":4},"end":{"line":73,"column":null}},"42":{"start":{"line":77,"column":4},"end":{"line":77,"column":null}},"43":{"start":{"line":80,"column":2},"end":{"line":93,"column":null}}},"fnMap":{"0":{"name":"(anonymous_0)","decl":{"start":{"line":9,"column":52},"end":{"line":9,"column":53}},"loc":{"start":{"line":9,"column":58},"end":{"line":94,"column":1}},"line":9},"1":{"name":"connectToServer","decl":{"start":{"line":18,"column":17},"end":{"line":18,"column":32}},"loc":{"start":{"line":18,"column":38},"end":{"line":52,"column":null}},"line":18},"2":{"name":"disconnectServer","decl":{"start":{"line":54,"column":11},"end":{"line":54,"column":27}},"loc":{"start":{"line":54,"column":30},"end":{"line":62,"column":null}},"line":54},"3":{"name":"removeServer","decl":{"start":{"line":64,"column":11},"end":{"line":64,"column":23}},"loc":{"start":{"line":64,"column":29},"end":{"line":70,"column":null}},"line":64},"4":{"name":"(anonymous_4)","decl":{"start":{"line":65,"column":41},"end":{"line":65,"column":42}},"loc":{"start":{"line":65,"column":48},"end":{"line":65,"column":57}},"line":65},"5":{"name":"canDo","decl":{"start":{"line":72,"column":11},"end":{"line":72,"column":16}},"loc":{"start":{"line":72,"column":31},"end":{"line":74,"column":null}},"line":72},"6":{"name":"requiresAuth","decl":{"start":{"line":76,"column":11},"end":{"line":76,"column":23}},"loc":{"start":{"line":76,"column":38},"end":{"line":78,"column":null}},"line":76}},"branchMap":{"0":{"loc":{"start":{"line":10,"column":24},"end":{"line":10,"column":64}},"type":"binary-expr","locations":[{"start":{"line":10,"column":24},"end":{"line":10,"column":56}},{"start":{"line":10,"column":60},"end":{"line":10,"column":64}}],"line":10},"1":{"loc":{"start":{"line":11,"column":33},"end":{"line":11,"column":77}},"type":"binary-expr","locations":[{"start":{"line":11,"column":33},"end":{"line":11,"column":69}},{"start":{"line":11,"column":73},"end":{"line":11,"column":77}}],"line":11},"2":{"loc":{"start":{"line":28,"column":6},"end":{"line":32,"column":null}},"type":"if","locations":[{"start":{"line":28,"column":6},"end":{"line":32,"column":null}},{"start":{},"end":{}}],"line":28},"3":{"loc":{"start":{"line":28,"column":10},"end":{"line":28,"column":58}},"type":"binary-expr","locations":[{"start":{"line":28,"column":10},"end":{"line":28,"column":22}},{"start":{"line":28,"column":26},"end":{"line":28,"column":58}}],"line":28},"4":{"loc":{"start":{"line":45,"column":6},"end":{"line":48,"column":null}},"type":"if","locations":[{"start":{"line":45,"column":6},"end":{"line":48,"column":null}},{"start":{},"end":{}}],"line":45},"5":{"loc":{"start":{"line":50,"column":20},"end":{"line":50,"column":null}},"type":"binary-expr","locations":[{"start":{"line":50,"column":20},"end":{"line":50,"column":30}},{"start":{"line":50,"column":34},"end":{"line":50,"column":null}}],"line":50},"6":{"loc":{"start":{"line":67,"column":4},"end":{"line":69,"column":null}},"type":"if","locations":[{"start":{"line":67,"column":4},"end":{"line":69,"column":null}},{"start":{},"end":{}}],"line":67},"7":{"loc":{"start":{"line":77,"column":11},"end":{"line":77,"column":null}},"type":"binary-expr","locations":[{"start":{"line":77,"column":11},"end":{"line":77,"column":61}},{"start":{"line":77,"column":65},"end":{"line":77,"column":null}}],"line":77}},"s":{"0":4,"1":4,"2":4,"3":44,"4":44,"5":44,"6":44,"7":44,"8":44,"9":44,"10":20,"11":20,"12":20,"13":20,"14":20,"15":19,"16":3,"17":16,"18":16,"19":16,"20":16,"21":16,"22":16,"23":16,"24":16,"25":16,"26":13,"27":13,"28":4,"29":4,"30":4,"31":4,"32":4,"33":4,"34":4,"35":4,"36":4,"37":4,"38":4,"39":4,"40":1,"41":4,"42":32,"43":44},"f":{"0":44,"1":20,"2":4,"3":4,"4":4,"5":4,"6":32},"b":{"0":[44,42],"1":[44,41],"2":[3,16],"3":[19,19],"4":[13,3],"5":[4,0],"6":[1,3],"7":[32,1]},"meta":{"lastBranch":8,"lastFunction":7,"lastStatement":44,"seen":{"s:6:19:6:Infinity":0,"s:7:23:7:Infinity":1,"s:9:29:94:Infinity":2,"f:9:52:9:53":0,"s:10:19:10:Infinity":3,"b:10:24:10:56:10:60:10:64":0,"s:11:17:11:Infinity":4,"b:11:33:11:69:11:73:11:77":1,"s:12:18:12:Infinity":5,"s:13:26:13:Infinity":6,"s:14:16:14:Infinity":7,"s:15:22:15:Infinity":8,"s:16:15:16:Infinity":9,"f:18:17:18:32":1,"s:19:4:19:Infinity":10,"s:20:4:20:Infinity":11,"s:21:4:51:Infinity":12,"s:22:18:26:Infinity":13,"s:27:6:27:Infinity":14,"b:28:6:32:Infinity:undefined:undefined:undefined:undefined":2,"s:28:6:32:Infinity":15,"b:28:10:28:22:28:26:28:58":3,"s:29:8:31:Infinity":16,"s:33:26:37:Infinity":17,"s:38:6:38:Infinity":18,"s:39:6:39:Infinity":19,"s:40:6:40:Infinity":20,"s:41:6:41:Infinity":21,"s:42:6:42:Infinity":22,"s:43:6:43:Infinity":23,"s:44:6:44:Infinity":24,"b:45:6:48:Infinity:undefined:undefined:undefined:undefined":4,"s:45:6:48:Infinity":25,"s:46:8:46:Infinity":26,"s:47:8:47:Infinity":27,"s:50:6:50:Infinity":28,"b:50:20:50:30:50:34:50:Infinity":5,"f:54:11:54:27":2,"s:55:4:55:Infinity":29,"s:56:4:56:Infinity":30,"s:57:4:57:Infinity":31,"s:58:4:58:Infinity":32,"s:59:4:59:Infinity":33,"s:60:4:60:Infinity":34,"s:61:4:61:Infinity":35,"f:64:11:64:23":3,"s:65:4:65:Infinity":36,"f:65:41:65:42":4,"s:65:48:65:57":37,"s:66:4:66:Infinity":38,"b:67:4:69:Infinity:undefined:undefined:undefined:undefined":6,"s:67:4:69:Infinity":39,"s:68:6:68:Infinity":40,"f:72:11:72:16":5,"s:73:4:73:Infinity":41,"f:76:11:76:23":6,"s:77:4:77:Infinity":42,"b:77:11:77:61:77:65:77:Infinity":7,"s:80:2:93:Infinity":43}}}
,"/Users/markusmatoni/git/jskos-server-ui/src/stores/theme.js": {"path":"/Users/markusmatoni/git/jskos-server-ui/src/stores/theme.js","statementMap":{"0":{"start":{"line":4,"column":20},"end":{"line":4,"column":null}},"1":{"start":{"line":6,"column":28},"end":{"line":29,"column":null}},"2":{"start":{"line":7,"column":17},"end":{"line":7,"column":null}},"3":{"start":{"line":8,"column":14},"end":{"line":12,"column":null}},"4":{"start":{"line":15,"column":4},"end":{"line":18,"column":null}},"5":{"start":{"line":21,"column":1},"end":{"line":24,"column":null}},"6":{"start":{"line":22,"column":4},"end":{"line":22,"column":null}},"7":{"start":{"line":23,"column":4},"end":{"line":23,"column":null}},"8":{"start":{"line":26,"column":2},"end":{"line":26,"column":null}},"9":{"start":{"line":28,"column":2},"end":{"line":28,"column":null}}},"fnMap":{"0":{"name":"(anonymous_0)","decl":{"start":{"line":6,"column":50},"end":{"line":6,"column":51}},"loc":{"start":{"line":6,"column":56},"end":{"line":29,"column":1}},"line":6},"1":{"name":"applyTheme","decl":{"start":{"line":14,"column":11},"end":{"line":14,"column":21}},"loc":{"start":{"line":14,"column":24},"end":{"line":19,"column":null}},"line":14},"2":{"name":"(anonymous_2)","decl":{"start":{"line":21,"column":14},"end":{"line":21,"column":15}},"loc":{"start":{"line":21,"column":20},"end":{"line":24,"column":3}},"line":21}},"branchMap":{"0":{"loc":{"start":{"line":9,"column":4},"end":{"line":11,"column":65}},"type":"cond-expr","locations":[{"start":{"line":10,"column":8},"end":{"line":10,"column":null}},{"start":{"line":11,"column":8},"end":{"line":11,"column":65}}],"line":9},"1":{"loc":{"start":{"line":17,"column":6},"end":{"line":17,"column":35}},"type":"cond-expr","locations":[{"start":{"line":17,"column":19},"end":{"line":17,"column":25}},{"start":{"line":17,"column":28},"end":{"line":17,"column":35}}],"line":17},"2":{"loc":{"start":{"line":22,"column":38},"end":{"line":22,"column":67}},"type":"cond-expr","locations":[{"start":{"line":22,"column":51},"end":{"line":22,"column":57}},{"start":{"line":22,"column":60},"end":{"line":22,"column":67}}],"line":22}},"s":{"0":1,"1":1,"2":4,"3":4,"4":4,"5":4,"6":0,"7":0,"8":4,"9":4},"f":{"0":4,"1":4,"2":0},"b":{"0":[0,4],"1":[0,4],"2":[0,0]},"meta":{"lastBranch":3,"lastFunction":3,"lastStatement":10,"seen":{"s:4:20:4:Infinity":0,"s:6:28:29:Infinity":1,"f:6:50:6:51":0,"s:7:17:7:Infinity":2,"s:8:14:12:Infinity":3,"b:10:8:10:Infinity:11:8:11:65":0,"f:14:11:14:21":1,"s:15:4:18:Infinity":4,"b:17:19:17:25:17:28:17:35":1,"s:21:1:24:Infinity":5,"f:21:14:21:15":2,"s:22:4:22:Infinity":6,"b:22:51:22:57:22:60:22:67":2,"s:23:4:23:Infinity":7,"s:26:2:26:Infinity":8,"s:28:2:28:Infinity":9}}}
,"/Users/markusmatoni/git/jskos-server-ui/src/utils/capabilities.js": {"path":"/Users/markusmatoni/git/jskos-server-ui/src/utils/capabilities.js","statementMap":{"0":{"start":{"line":1,"column":14},"end":{"line":1,"column":null}},"1":{"start":{"line":2,"column":16},"end":{"line":2,"column":null}},"2":{"start":{"line":14,"column":17},"end":{"line":14,"column":null}},"3":{"start":{"line":15,"column":2},"end":{"line":33,"column":null}},"4":{"start":{"line":16,"column":20},"end":{"line":16,"column":null}},"5":{"start":{"line":17,"column":4},"end":{"line":20,"column":null}},"6":{"start":{"line":18,"column":6},"end":{"line":18,"column":null}},"7":{"start":{"line":19,"column":6},"end":{"line":19,"column":null}},"8":{"start":{"line":21,"column":4},"end":{"line":21,"column":null}},"9":{"start":{"line":22,"column":4},"end":{"line":32,"column":null}},"10":{"start":{"line":23,"column":24},"end":{"line":23,"column":null}},"11":{"start":{"line":24,"column":6},"end":{"line":27,"column":null}},"12":{"start":{"line":25,"column":8},"end":{"line":25,"column":null}},"13":{"start":{"line":26,"column":8},"end":{"line":26,"column":null}},"14":{"start":{"line":28,"column":6},"end":{"line":31,"column":null}},"15":{"start":{"line":34,"column":2},"end":{"line":34,"column":null}}},"fnMap":{"0":{"name":"parseCapabilities","decl":{"start":{"line":13,"column":16},"end":{"line":13,"column":33}},"loc":{"start":{"line":13,"column":42},"end":{"line":35,"column":null}},"line":13}},"branchMap":{"0":{"loc":{"start":{"line":17,"column":4},"end":{"line":20,"column":null}},"type":"if","locations":[{"start":{"line":17,"column":4},"end":{"line":20,"column":null}},{"start":{},"end":{}}],"line":17},"1":{"loc":{"start":{"line":24,"column":6},"end":{"line":27,"column":null}},"type":"if","locations":[{"start":{"line":24,"column":6},"end":{"line":27,"column":null}},{"start":{},"end":{}}],"line":24}},"s":{"0":2,"1":2,"2":8,"3":8,"4":48,"5":48,"6":41,"7":41,"8":7,"9":7,"10":28,"11":28,"12":13,"13":13,"14":15,"15":8},"f":{"0":8},"b":{"0":[41,7],"1":[13,15]},"meta":{"lastBranch":2,"lastFunction":1,"lastStatement":16,"seen":{"s:1:14:1:Infinity":0,"s:2:16:2:Infinity":1,"f:13:16:13:33":0,"s:14:17:14:Infinity":2,"s:15:2:33:Infinity":3,"s:16:20:16:Infinity":4,"b:17:4:20:Infinity:undefined:undefined:undefined:undefined":0,"s:17:4:20:Infinity":5,"s:18:6:18:Infinity":6,"s:19:6:19:Infinity":7,"s:21:4:21:Infinity":8,"s:22:4:32:Infinity":9,"s:23:24:23:Infinity":10,"b:24:6:27:Infinity:undefined:undefined:undefined:undefined":1,"s:24:6:27:Infinity":11,"s:25:8:25:Infinity":12,"s:26:8:26:Infinity":13,"s:28:6:31:Infinity":14,"s:34:2:34:Infinity":15}}}
,"/Users/markusmatoni/git/jskos-server-ui/src/views/ConnectionView.vue": {"path":"/Users/markusmatoni/git/jskos-server-ui/src/views/ConnectionView.vue","statementMap":{"0":{"start":{"line":10,"column":13},"end":{"line":10,"column":null}},"1":{"start":{"line":11,"column":16},"end":{"line":11,"column":null}},"2":{"start":{"line":12,"column":15},"end":{"line":12,"column":null}},"3":{"start":{"line":13,"column":13},"end":{"line":13,"column":null}},"4":{"start":{"line":16,"column":2},"end":{"line":16,"column":null}},"5":{"start":{"line":20,"column":2},"end":{"line":20,"column":null}},"6":{"start":{"line":20,"column":12},"end":{"line":20,"column":null}},"7":{"start":{"line":21,"column":2},"end":{"line":21,"column":null}},"8":{"start":{"line":22,"column":2},"end":{"line":22,"column":null}},"9":{"start":{"line":23,"column":2},"end":{"line":23,"column":null}},"10":{"start":{"line":24,"column":2},"end":{"line":28,"column":null}},"11":{"start":{"line":25,"column":4},"end":{"line":25,"column":null}},"12":{"start":{"line":27,"column":4},"end":{"line":27,"column":null}},"13":{"start":{"line":32,"column":2},"end":{"line":32,"column":null}},"14":{"start":{"line":36,"column":2},"end":{"line":36,"column":null}},"15":{"start":{"line":37,"column":2},"end":{"line":37,"column":null}},"16":{"start":{"line":41,"column":14},"end":{"line":41,"column":null}},"17":{"start":{"line":42,"column":2},"end":{"line":42,"column":null}},"18":{"start":{"line":43,"column":2},"end":{"line":43,"column":null}},"19":{"start":{"line":44,"column":2},"end":{"line":44,"column":null}},"20":{"start":{"line":47,"column":18},"end":{"line":58,"column":null}},"21":{"start":{"line":48,"column":14},"end":{"line":48,"column":null}},"22":{"start":{"line":49,"column":2},"end":{"line":49,"column":null}},"23":{"start":{"line":49,"column":12},"end":{"line":49,"column":null}},"24":{"start":{"line":50,"column":2},"end":{"line":57,"column":null}},"25":{"start":{"line":60,"column":25},"end":{"line":60,"column":null}},"26":{"start":{"line":61,"column":27},"end":{"line":61,"column":null}},"27":{"start":{"line":71,"column":15},"end":{"line":71,"column":null}},"28":{"start":{"line":72,"column":17},"end":{"line":72,"column":null}},"29":{"start":{"line":86,"column":13},"end":{"line":86,"column":null}},"30":{"start":{"line":87,"column":14},"end":{"line":87,"column":null}},"31":{"start":{"line":89,"column":16},"end":{"line":89,"column":null}},"32":{"start":{"line":94,"column":16},"end":{"line":94,"column":41}},"33":{"start":{"line":97,"column":16},"end":{"line":97,"column":41}},"34":{"start":{"line":100,"column":16},"end":{"line":100,"column":41}},"35":{"start":{"line":103,"column":16},"end":{"line":103,"column":null}},"36":{"start":{"line":110,"column":17},"end":{"line":110,"column":null}},"37":{"start":{"line":119,"column":20},"end":{"line":119,"column":52}},"38":{"start":{"line":134,"column":15},"end":{"line":134,"column":null}},"39":{"start":{"line":148,"column":13},"end":{"line":148,"column":null}},"40":{"start":{"line":169,"column":14},"end":{"line":169,"column":null}},"41":{"start":{"line":65,"column":2},"end":{"line":183,"column":null}},"42":{"start":{"line":66,"column":41},"end":{"line":66,"column":53}},"43":{"start":{"line":83,"column":16},"end":{"line":82,"column":22}},"44":{"start":{"line":74,"column":49},"end":{"line":74,"column":58}},"45":{"start":{"line":82,"column":12},"end":{"line":82,"column":22}},"46":{"start":{"line":139,"column":14},"end":{"line":137,"column":85}},"47":{"start":{"line":114,"column":16},"end":{"line":114,"column":145}},"48":{"start":{"line":118,"column":14},"end":{"line":128,"column":70}},"49":{"start":{"line":120,"column":16},"end":{"line":128,"column":70}},"50":{"start":{"line":145,"column":27},"end":{"line":145,"column":27}},"51":{"start":{"line":150,"column":21},"end":{"line":150,"column":null}},"52":{"start":{"line":162,"column":58},"end":{"line":163,"column":null}},"53":{"start":{"line":170,"column":12},"end":{"line":183,"column":null}},"54":{"start":{"line":177,"column":24},"end":{"line":177,"column":null}},"55":{"start":{"line":183,"column":24},"end":{"line":183,"column":null}}},"fnMap":{"0":{"name":"notify","decl":{"start":{"line":15,"column":9},"end":{"line":15,"column":15}},"loc":{"start":{"line":15,"column":40},"end":{"line":17,"column":null}},"line":15},"1":{"name":"connect","decl":{"start":{"line":19,"column":15},"end":{"line":19,"column":22}},"loc":{"start":{"line":19,"column":28},"end":{"line":29,"column":null}},"line":19},"2":{"name":"handleConnect","decl":{"start":{"line":31,"column":15},"end":{"line":31,"column":28}},"loc":{"start":{"line":31,"column":31},"end":{"line":33,"column":null}},"line":31},"3":{"name":"connectFromHistory","decl":{"start":{"line":35,"column":15},"end":{"line":35,"column":33}},"loc":{"start":{"line":35,"column":39},"end":{"line":38,"column":null}},"line":35},"4":{"name":"handleDisconnect","decl":{"start":{"line":40,"column":9},"end":{"line":40,"column":25}},"loc":{"start":{"line":40,"column":28},"end":{"line":45,"column":null}},"line":40},"5":{"name":"(anonymous_5)","decl":{"start":{"line":47,"column":28},"end":{"line":47,"column":29}},"loc":{"start":{"line":47,"column":34},"end":{"line":58,"column":1}},"line":47},"6":{"name":"(anonymous_6)","decl":{"start":{"line":66,"column":15},"end":{"line":66,"column":41}},"loc":{"start":{"line":66,"column":41},"end":{"line":66,"column":53}},"line":66},"7":{"name":"(anonymous_7)","decl":{"start":{"line":71,"column":10},"end":{"line":71,"column":15}},"loc":{"start":{"line":83,"column":16},"end":{"line":82,"column":22}},"line":83},"8":{"name":"(anonymous_8)","decl":{"start":{"line":74,"column":40},"end":{"line":74,"column":49}},"loc":{"start":{"line":74,"column":49},"end":{"line":74,"column":58}},"line":74},"9":{"name":"(anonymous_9)","decl":{"start":{"line":80,"column":13},"end":{"line":80,"column":null}},"loc":{"start":{"line":82,"column":12},"end":{"line":82,"column":22}},"line":82},"10":{"name":"(anonymous_10)","decl":{"start":{"line":86,"column":8},"end":{"line":86,"column":13}},"loc":{"start":{"line":139,"column":14},"end":{"line":137,"column":85}},"line":139},"11":{"name":"(anonymous_11)","decl":{"start":{"line":114,"column":55},"end":{"line":114,"column":58}},"loc":{"start":{"line":114,"column":33},"end":{"line":114,"column":145}},"line":114},"12":{"name":"(anonymous_12)","decl":{"start":{"line":118,"column":49},"end":{"line":118,"column":52}},"loc":{"start":{"line":118,"column":29},"end":{"line":128,"column":70}},"line":118},"13":{"name":"(anonymous_13)","decl":{"start":{"line":120,"column":55},"end":{"line":120,"column":58}},"loc":{"start":{"line":120,"column":33},"end":{"line":128,"column":70}},"line":120},"14":{"name":"(anonymous_14)","decl":{"start":{"line":145,"column":10},"end":{"line":145,"column":13}},"loc":{"start":{"line":145,"column":27},"end":{"line":145,"column":27}},"line":145},"15":{"name":"(anonymous_15)","decl":{"start":{"line":150,"column":21},"end":{"line":150,"column":29}},"loc":{"start":{"line":150,"column":21},"end":{"line":150,"column":null}},"line":150},"16":{"name":"(anonymous_16)","decl":{"start":{"line":162,"column":12},"end":{"line":162,"column":28}},"loc":{"start":{"line":162,"column":58},"end":{"line":163,"column":null}},"line":162},"17":{"name":"(anonymous_17)","decl":{"start":{"line":171,"column":41},"end":{"line":171,"column":null}},"loc":{"start":{"line":171,"column":24},"end":{"line":183,"column":null}},"line":171},"18":{"name":"(anonymous_18)","decl":{"start":{"line":177,"column":22},"end":{"line":177,"column":24}},"loc":{"start":{"line":177,"column":24},"end":{"line":177,"column":null}},"line":177},"19":{"name":"(anonymous_19)","decl":{"start":{"line":183,"column":22},"end":{"line":183,"column":24}},"loc":{"start":{"line":183,"column":24},"end":{"line":183,"column":null}},"line":183}},"branchMap":{"0":{"loc":{"start":{"line":11,"column":21},"end":{"line":11,"column":42}},"type":"binary-expr","locations":[{"start":{"line":11,"column":21},"end":{"line":11,"column":36}},{"start":{"line":11,"column":40},"end":{"line":11,"column":42}}],"line":11},"1":{"loc":{"start":{"line":15,"column":22},"end":{"line":15,"column":38}},"type":"default-arg","locations":[{"start":{"line":15,"column":32},"end":{"line":15,"column":38}}],"line":15},"2":{"loc":{"start":{"line":20,"column":2},"end":{"line":20,"column":null}},"type":"if","locations":[{"start":{"line":20,"column":2},"end":{"line":20,"column":null}},{"start":{},"end":{}}],"line":20},"3":{"loc":{"start":{"line":24,"column":2},"end":{"line":28,"column":null}},"type":"if","locations":[{"start":{"line":24,"column":2},"end":{"line":28,"column":null}},{"start":{"line":26,"column":9},"end":{"line":28,"column":null}}],"line":24},"4":{"loc":{"start":{"line":49,"column":2},"end":{"line":49,"column":null}},"type":"if","locations":[{"start":{"line":49,"column":2},"end":{"line":49,"column":null}},{"start":{},"end":{}}],"line":49},"5":{"loc":{"start":{"line":51,"column":11},"end":{"line":51,"column":38}},"type":"binary-expr","locations":[{"start":{"line":51,"column":11},"end":{"line":51,"column":20}},{"start":{"line":51,"column":24},"end":{"line":51,"column":38}}],"line":51},"6":{"loc":{"start":{"line":52,"column":13},"end":{"line":52,"column":31}},"type":"binary-expr","locations":[{"start":{"line":52,"column":13},"end":{"line":52,"column":24}},{"start":{"line":52,"column":28},"end":{"line":52,"column":31}}],"line":52},"7":{"loc":{"start":{"line":53,"column":19},"end":{"line":53,"column":43}},"type":"binary-expr","locations":[{"start":{"line":53,"column":19},"end":{"line":53,"column":36}},{"start":{"line":53,"column":40},"end":{"line":53,"column":43}}],"line":53},"8":{"loc":{"start":{"line":54,"column":13},"end":{"line":54,"column":43}},"type":"binary-expr","locations":[{"start":{"line":54,"column":13},"end":{"line":54,"column":24}},{"start":{"line":54,"column":28},"end":{"line":54,"column":43}}],"line":54},"9":{"loc":{"start":{"line":55,"column":9},"end":{"line":55,"column":23}},"type":"binary-expr","locations":[{"start":{"line":55,"column":9},"end":{"line":55,"column":16}},{"start":{"line":55,"column":20},"end":{"line":55,"column":23}}],"line":55},"10":{"loc":{"start":{"line":66,"column":41},"end":{"line":66,"column":53}},"type":"binary-expr","locations":[{"start":{"line":66,"column":41},"end":{"line":66,"column":53}},{"start":{"line":66,"column":41},"end":{"line":66,"column":53}}],"line":66},"11":{"loc":{"start":{"line":69,"column":19},"end":{"line":183,"column":null}},"type":"cond-expr","locations":[{"start":{"line":69,"column":6},"end":{"line":137,"column":85}},{"start":{"line":143,"column":6},"end":{"line":183,"column":null}}],"line":69},"12":{"loc":{"start":{"line":74,"column":49},"end":{"line":74,"column":58}},"type":"binary-expr","locations":[{"start":{"line":74,"column":49},"end":{"line":74,"column":58}},{"start":{"line":74,"column":49},"end":{"line":74,"column":58}}],"line":74},"13":{"loc":{"start":{"line":82,"column":12},"end":{"line":82,"column":22}},"type":"binary-expr","locations":[{"start":{"line":82,"column":12},"end":{"line":82,"column":22}},{"start":{"line":82,"column":12},"end":{"line":82,"column":22}}],"line":82},"14":{"loc":{"start":{"line":88,"column":12},"end":{"line":88,"column":52}},"type":"binary-expr","locations":[{"start":{"line":88,"column":12},"end":{"line":88,"column":16}},{"start":{"line":88,"column":12},"end":{"line":88,"column":52}}],"line":88},"15":{"loc":{"start":{"line":93,"column":12},"end":{"line":93,"column":60}},"type":"binary-expr","locations":[{"start":{"line":93,"column":12},"end":{"line":93,"column":16}},{"start":{"line":93,"column":12},"end":{"line":93,"column":60}}],"line":93},"16":{"loc":{"start":{"line":96,"column":12},"end":{"line":96,"column":63}},"type":"binary-expr","locations":[{"start":{"line":96,"column":12},"end":{"line":96,"column":16}},{"start":{"line":96,"column":12},"end":{"line":96,"column":63}}],"line":96},"17":{"loc":{"start":{"line":99,"column":12},"end":{"line":99,"column":60}},"type":"binary-expr","locations":[{"start":{"line":99,"column":12},"end":{"line":99,"column":16}},{"start":{"line":99,"column":12},"end":{"line":99,"column":60}}],"line":99},"18":{"loc":{"start":{"line":102,"column":12},"end":{"line":102,"column":63}},"type":"binary-expr","locations":[{"start":{"line":102,"column":12},"end":{"line":102,"column":16}},{"start":{"line":102,"column":12},"end":{"line":102,"column":63}}],"line":102},"19":{"loc":{"start":{"line":104,"column":17},"end":{"line":104,"column":null}},"type":"cond-expr","locations":[{"start":{"line":104,"column":33},"end":{"line":104,"column":null}},{"start":{"line":104,"column":33},"end":{"line":104,"column":null}}],"line":104},"20":{"loc":{"start":{"line":108,"column":10},"end":{"line":108,"column":29}},"type":"binary-expr","locations":[{"start":{"line":108,"column":10},"end":{"line":108,"column":14}},{"start":{"line":108,"column":10},"end":{"line":108,"column":29}}],"line":108},"21":{"loc":{"start":{"line":113,"column":16},"end":{"line":113,"column":63}},"type":"binary-expr","locations":[{"start":{"line":113,"column":16},"end":{"line":113,"column":20}},{"start":{"line":113,"column":16},"end":{"line":113,"column":63}}],"line":113},"22":{"loc":{"start":{"line":121,"column":34},"end":{"line":128,"column":70}},"type":"cond-expr","locations":[{"start":{"line":121,"column":18},"end":{"line":122,"column":87}},{"start":{"line":124,"column":39},"end":{"line":128,"column":70}}],"line":121},"23":{"loc":{"start":{"line":122,"column":43},"end":{"line":122,"column":87}},"type":"cond-expr","locations":[{"start":{"line":122,"column":20},"end":{"line":122,"column":87}}],"line":122},"24":{"loc":{"start":{"line":124,"column":39},"end":{"line":128,"column":70}},"type":"cond-expr","locations":[{"start":{"line":125,"column":20},"end":{"line":125,"column":62}},{"start":{"line":127,"column":44},"end":{"line":128,"column":70}}],"line":124},"25":{"loc":{"start":{"line":127,"column":44},"end":{"line":128,"column":70}},"type":"cond-expr","locations":[{"start":{"line":127,"column":18},"end":{"line":127,"column":101}},{"start":{"line":128,"column":18},"end":{"line":128,"column":70}}],"line":127},"26":{"loc":{"start":{"line":135,"column":68},"end":{"line":135,"column":79}},"type":"binary-expr","locations":[{"start":{"line":135,"column":68},"end":{"line":135,"column":72}},{"start":{"line":135,"column":68},"end":{"line":135,"column":79}}],"line":135},"27":{"loc":{"start":{"line":136,"column":61},"end":{"line":136,"column":81}},"type":"binary-expr","locations":[{"start":{"line":136,"column":61},"end":{"line":136,"column":74}},{"start":{"line":136,"column":61},"end":{"line":136,"column":81}}],"line":136},"28":{"loc":{"start":{"line":137,"column":65},"end":{"line":137,"column":85}},"type":"binary-expr","locations":[{"start":{"line":137,"column":65},"end":{"line":137,"column":78}},{"start":{"line":137,"column":65},"end":{"line":137,"column":85}}],"line":137},"29":{"loc":{"start":{"line":144,"column":22},"end":{"line":145,"column":27}},"type":"cond-expr","locations":[{"start":{"line":144,"column":8},"end":{"line":145,"column":27}}],"line":144},"30":{"loc":{"start":{"line":150,"column":21},"end":{"line":150,"column":null}},"type":"binary-expr","locations":[{"start":{"line":150,"column":21},"end":{"line":150,"column":29}},{"start":{"line":150,"column":21},"end":{"line":150,"column":null}}],"line":150},"31":{"loc":{"start":{"line":159,"column":23},"end":{"line":159,"column":null}},"type":"binary-expr","locations":[{"start":{"line":159,"column":23},"end":{"line":159,"column":30}},{"start":{"line":159,"column":30},"end":{"line":159,"column":null}}],"line":159},"32":{"loc":{"start":{"line":162,"column":28},"end":{"line":162,"column":58}},"type":"cond-expr","locations":[{"start":{"line":162,"column":12},"end":{"line":162,"column":58}}],"line":162},"33":{"loc":{"start":{"line":163,"column":15},"end":{"line":163,"column":null}},"type":"cond-expr","locations":[{"start":{"line":163,"column":22},"end":{"line":163,"column":null}},{"start":{"line":163,"column":22},"end":{"line":163,"column":null}}],"line":163},"34":{"loc":{"start":{"line":167,"column":19},"end":{"line":183,"column":null}},"type":"cond-expr","locations":[{"start":{"line":167,"column":8},"end":{"line":183,"column":null}}],"line":167},"35":{"loc":{"start":{"line":168,"column":10},"end":{"line":168,"column":69}},"type":"binary-expr","locations":[{"start":{"line":168,"column":10},"end":{"line":168,"column":14}},{"start":{"line":168,"column":10},"end":{"line":168,"column":69}}],"line":168}},"s":{"0":13,"1":13,"2":13,"3":13,"4":5,"5":4,"6":0,"7":4,"8":4,"9":4,"10":4,"11":1,"12":3,"13":3,"14":1,"15":1,"16":1,"17":1,"18":1,"19":1,"20":13,"21":7,"22":7,"23":0,"24":7,"25":13,"26":13,"27":1,"28":1,"29":1,"30":1,"31":1,"32":1,"33":1,"34":1,"35":1,"36":1,"37":1,"38":1,"39":1,"40":1,"41":28,"42":13,"43":14,"44":7,"45":7,"46":7,"47":28,"48":42,"49":168,"50":2,"51":4,"52":19,"53":5,"54":1,"55":2},"f":{"0":5,"1":4,"2":3,"3":1,"4":1,"5":7,"6":13,"7":14,"8":7,"9":7,"10":7,"11":28,"12":42,"13":168,"14":2,"15":4,"16":19,"17":5,"18":1,"19":2},"b":{"0":[13,9],"1":[5],"2":[0,4],"3":[1,3],"4":[0,7],"5":[7,1],"6":[7,0],"7":[7,0],"8":[7,0],"9":[7,0],"10":[13,13],"11":[7,21],"12":[7,7],"13":[7,7],"14":[7,7],"15":[7,7],"16":[7,7],"17":[7,7],"18":[7,7],"19":[4,3],"20":[7,7],"21":[7,7],"22":[88,80],"23":[22],"24":[50,30],"25":[10,20],"26":[7,7],"27":[7,7],"28":[7,7],"29":[3],"30":[21,10],"31":[21,16],"32":[4],"33":[4,15],"34":[4],"35":[4,3]},"meta":{"lastBranch":36,"lastFunction":20,"lastStatement":56,"seen":{"s:10:13:10:Infinity":0,"s:11:16:11:Infinity":1,"b:11:21:11:36:11:40:11:42":0,"s:12:15:12:Infinity":2,"s:13:13:13:Infinity":3,"f:15:9:15:15":0,"b:15:32:15:38":1,"s:16:2:16:Infinity":4,"f:19:15:19:22":1,"b:20:2:20:Infinity:undefined:undefined:undefined:undefined":2,"s:20:2:20:Infinity":5,"s:20:12:20:Infinity":6,"s:21:2:21:Infinity":7,"s:22:2:22:Infinity":8,"s:23:2:23:Infinity":9,"b:24:2:28:Infinity:26:9:28:Infinity":3,"s:24:2:28:Infinity":10,"s:25:4:25:Infinity":11,"s:27:4:27:Infinity":12,"f:31:15:31:28":2,"s:32:2:32:Infinity":13,"f:35:15:35:33":3,"s:36:2:36:Infinity":14,"s:37:2:37:Infinity":15,"f:40:9:40:25":4,"s:41:14:41:Infinity":16,"s:42:2:42:Infinity":17,"s:43:2:43:Infinity":18,"s:44:2:44:Infinity":19,"s:47:18:58:Infinity":20,"f:47:28:47:29":5,"s:48:14:48:Infinity":21,"b:49:2:49:Infinity:undefined:undefined:undefined:undefined":4,"s:49:2:49:Infinity":22,"s:49:12:49:Infinity":23,"s:50:2:57:Infinity":24,"b:51:11:51:20:51:24:51:38":5,"b:52:13:52:24:52:28:52:31":6,"b:53:19:53:36:53:40:53:43":7,"b:54:13:54:24:54:28:54:43":8,"b:55:9:55:16:55:20:55:23":9,"s:60:25:60:Infinity":25,"s:61:27:61:Infinity":26,"s:71:15:71:Infinity":27,"s:72:17:72:Infinity":28,"s:86:13:86:Infinity":29,"s:87:14:87:Infinity":30,"s:89:16:89:Infinity":31,"s:94:16:94:41":32,"s:97:16:97:41":33,"s:100:16:100:41":34,"s:103:16:103:Infinity":35,"s:110:17:110:Infinity":36,"s:119:20:119:52":37,"s:134:15:134:Infinity":38,"s:148:13:148:Infinity":39,"s:169:14:169:Infinity":40,"s:65:2:183:Infinity":41,"f:66:15:66:41":6,"s:66:41:66:53":42,"b:66:41:66:53:66:41:66:53":10,"b:69:6:137:85:143:6:183:Infinity":11,"f:71:10:71:15":7,"s:83:16:82:22":43,"f:74:40:74:49":8,"s:74:49:74:58":44,"b:74:49:74:58:74:49:74:58":12,"f:80:13:80:Infinity":9,"s:82:12:82:22":45,"b:82:12:82:22:82:12:82:22":13,"f:86:8:86:13":10,"s:139:14:137:85":46,"b:88:12:88:16:88:12:88:52":14,"b:93:12:93:16:93:12:93:60":15,"b:96:12:96:16:96:12:96:63":16,"b:99:12:99:16:99:12:99:60":17,"b:102:12:102:16:102:12:102:63":18,"b:104:33:104:Infinity:104:33:104:Infinity":19,"b:108:10:108:14:108:10:108:29":20,"b:113:16:113:20:113:16:113:63":21,"f:114:55:114:58":11,"s:114:16:114:145":47,"f:118:49:118:52":12,"s:118:14:128:70":48,"f:120:55:120:58":13,"s:120:16:128:70":49,"b:121:18:122:87:124:39:128:70":22,"b:122:20:122:87":23,"b:125:20:125:62:127:44:128:70":24,"b:127:18:127:101:128:18:128:70":25,"b:135:68:135:72:135:68:135:79":26,"b:136:61:136:74:136:61:136:81":27,"b:137:65:137:78:137:65:137:85":28,"b:144:8:145:27":29,"f:145:10:145:13":14,"s:145:27:145:27":50,"b:150:21:150:29:150:21:150:Infinity":30,"f:150:21:150:29":15,"s:150:21:150:Infinity":51,"b:159:23:159:30:159:30:159:Infinity":31,"f:162:12:162:28":16,"s:162:58:163:Infinity":52,"b:162:12:162:58":32,"b:163:22:163:Infinity:163:22:163:Infinity":33,"b:167:8:183:Infinity":34,"b:168:10:168:14:168:10:168:69":35,"f:171:41:171:Infinity":17,"s:170:12:183:Infinity":53,"f:177:22:177:24":18,"s:177:24:177:Infinity":54,"f:183:22:183:24":19,"s:183:24:183:Infinity":55}}}
,"/Users/markusmatoni/git/jskos-server-ui/src/views/OverviewView.vue": {"path":"/Users/markusmatoni/git/jskos-server-ui/src/views/OverviewView.vue","statementMap":{"0":{"start":{"line":8,"column":13},"end":{"line":8,"column":null}},"1":{"start":{"line":10,"column":14},"end":{"line":15,"column":null}},"2":{"start":{"line":17,"column":14},"end":{"line":17,"column":null}},"3":{"start":{"line":18,"column":21},"end":{"line":18,"column":null}},"4":{"start":{"line":19,"column":19},"end":{"line":19,"column":null}},"5":{"start":{"line":20,"column":16},"end":{"line":20,"column":null}},"6":{"start":{"line":23,"column":0},"end":{"line":27,"column":null}},"7":{"start":{"line":24,"column":15},"end":{"line":24,"column":null}},"8":{"start":{"line":24,"column":31},"end":{"line":24,"column":46}},"9":{"start":{"line":25,"column":16},"end":{"line":25,"column":null}},"10":{"start":{"line":25,"column":32},"end":{"line":25,"column":51}},"11":{"start":{"line":26,"column":1},"end":{"line":26,"column":null}},"12":{"start":{"line":30,"column":14},"end":{"line":30,"column":null}},"13":{"start":{"line":31,"column":15},"end":{"line":31,"column":null}},"14":{"start":{"line":33,"column":2},"end":{"line":36,"column":null}},"15":{"start":{"line":34,"column":14},"end":{"line":34,"column":null}},"16":{"start":{"line":35,"column":4},"end":{"line":35,"column":null}},"17":{"start":{"line":37,"column":2},"end":{"line":40,"column":null}},"18":{"start":{"line":38,"column":14},"end":{"line":38,"column":null}},"19":{"start":{"line":39,"column":4},"end":{"line":39,"column":null}},"20":{"start":{"line":41,"column":2},"end":{"line":44,"column":null}},"21":{"start":{"line":42,"column":14},"end":{"line":42,"column":null}},"22":{"start":{"line":43,"column":4},"end":{"line":43,"column":null}},"23":{"start":{"line":45,"column":2},"end":{"line":48,"column":null}},"24":{"start":{"line":46,"column":14},"end":{"line":46,"column":null}},"25":{"start":{"line":47,"column":4},"end":{"line":47,"column":null}},"26":{"start":{"line":49,"column":2},"end":{"line":49,"column":null}},"27":{"start":{"line":53,"column":2},"end":{"line":53,"column":null}},"28":{"start":{"line":54,"column":2},"end":{"line":54,"column":null}},"29":{"start":{"line":55,"column":2},"end":{"line":55,"column":null}},"30":{"start":{"line":55,"column":60},"end":{"line":55,"column":73}},"31":{"start":{"line":57,"column":2},"end":{"line":68,"column":null}},"32":{"start":{"line":58,"column":24},"end":{"line":58,"column":60}},"33":{"start":{"line":59,"column":6},"end":{"line":66,"column":null}},"34":{"start":{"line":60,"column":18},"end":{"line":60,"column":null}},"35":{"start":{"line":61,"column":8},"end":{"line":61,"column":null}},"36":{"start":{"line":61,"column":23},"end":{"line":61,"column":null}},"37":{"start":{"line":63,"column":8},"end":{"line":63,"column":null}},"38":{"start":{"line":65,"column":8},"end":{"line":65,"column":null}},"39":{"start":{"line":71,"column":0},"end":{"line":82,"column":null}},"40":{"start":{"line":72,"column":8},"end":{"line":72,"column":22}},"41":{"start":{"line":74,"column":4},"end":{"line":79,"column":null}},"42":{"start":{"line":74,"column":13},"end":{"line":74,"column":null}},"43":{"start":{"line":76,"column":6},"end":{"line":76,"column":null}},"44":{"start":{"line":77,"column":6},"end":{"line":77,"column":null}},"45":{"start":{"line":78,"column":6},"end":{"line":78,"column":null}},"46":{"start":{"line":98,"column":9},"end":{"line":98,"column":null}},"47":{"start":{"line":105,"column":13},"end":{"line":105,"column":35}},"48":{"start":{"line":106,"column":13},"end":{"line":106,"column":null}},"49":{"start":{"line":87,"column":11},"end":{"line":115,"column":68}},"50":{"start":{"line":91,"column":59},"end":{"line":91,"column":73}},"51":{"start":{"line":96,"column":23},"end":{"line":96,"column":35}},"52":{"start":{"line":105,"column":51},"end":{"line":115,"column":68}},"53":{"start":{"line":115,"column":38},"end":{"line":115,"column":58}}},"fnMap":{"0":{"name":"(anonymous_0)","decl":{"start":{"line":24,"column":25},"end":{"line":24,"column":26}},"loc":{"start":{"line":24,"column":31},"end":{"line":24,"column":46}},"line":24},"1":{"name":"(anonymous_1)","decl":{"start":{"line":25,"column":26},"end":{"line":25,"column":27}},"loc":{"start":{"line":25,"column":32},"end":{"line":25,"column":51}},"line":25},"2":{"name":"fetchCount","decl":{"start":{"line":29,"column":15},"end":{"line":29,"column":25}},"loc":{"start":{"line":29,"column":31},"end":{"line":50,"column":null}},"line":29},"3":{"name":"fetchAllCounts","decl":{"start":{"line":52,"column":15},"end":{"line":52,"column":29}},"loc":{"start":{"line":52,"column":32},"end":{"line":69,"column":null}},"line":52},"4":{"name":"(anonymous_4)","decl":{"start":{"line":55,"column":53},"end":{"line":55,"column":54}},"loc":{"start":{"line":55,"column":60},"end":{"line":55,"column":73}},"line":55},"5":{"name":"(anonymous_5)","decl":{"start":{"line":58,"column":17},"end":{"line":58,"column":18}},"loc":{"start":{"line":58,"column":24},"end":{"line":58,"column":60}},"line":58},"6":{"name":"(anonymous_6)","decl":{"start":{"line":58,"column":66},"end":{"line":58,"column":71}},"loc":{"start":{"line":58,"column":79},"end":{"line":67,"column":5}},"line":58},"7":{"name":"(anonymous_7)","decl":{"start":{"line":72,"column":2},"end":{"line":72,"column":3}},"loc":{"start":{"line":72,"column":8},"end":{"line":72,"column":22}},"line":72},"8":{"name":"(anonymous_8)","decl":{"start":{"line":73,"column":2},"end":{"line":73,"column":3}},"loc":{"start":{"line":73,"column":11},"end":{"line":80,"column":3}},"line":73},"9":{"name":"(anonymous_9)","decl":{"start":{"line":91,"column":34},"end":{"line":91,"column":59}},"loc":{"start":{"line":91,"column":59},"end":{"line":91,"column":73}},"line":91},"10":{"name":"(anonymous_10)","decl":{"start":{"line":96,"column":15},"end":{"line":96,"column":23}},"loc":{"start":{"line":96,"column":23},"end":{"line":96,"column":35}},"line":96},"11":{"name":"(anonymous_11)","decl":{"start":{"line":99,"column":33},"end":{"line":99,"column":41}},"loc":{"start":{"line":99,"column":24},"end":{"line":115,"column":68}},"line":99},"12":{"name":"(anonymous_12)","decl":{"start":{"line":105,"column":8},"end":{"line":105,"column":13}},"loc":{"start":{"line":105,"column":51},"end":{"line":115,"column":68}},"line":105},"13":{"name":"(anonymous_13)","decl":{"start":{"line":115,"column":27},"end":{"line":115,"column":30}},"loc":{"start":{"line":115,"column":38},"end":{"line":115,"column":58}},"line":115}},"branchMap":{"0":{"loc":{"start":{"line":33,"column":2},"end":{"line":36,"column":null}},"type":"if","locations":[{"start":{"line":33,"column":2},"end":{"line":36,"column":null}},{"start":{},"end":{}}],"line":33},"1":{"loc":{"start":{"line":35,"column":11},"end":{"line":35,"column":null}},"type":"binary-expr","locations":[{"start":{"line":35,"column":11},"end":{"line":35,"column":24}},{"start":{"line":35,"column":28},"end":{"line":35,"column":null}}],"line":35},"2":{"loc":{"start":{"line":37,"column":2},"end":{"line":40,"column":null}},"type":"if","locations":[{"start":{"line":37,"column":2},"end":{"line":40,"column":null}},{"start":{},"end":{}}],"line":37},"3":{"loc":{"start":{"line":39,"column":11},"end":{"line":39,"column":null}},"type":"binary-expr","locations":[{"start":{"line":39,"column":11},"end":{"line":39,"column":24}},{"start":{"line":39,"column":28},"end":{"line":39,"column":null}}],"line":39},"4":{"loc":{"start":{"line":41,"column":2},"end":{"line":44,"column":null}},"type":"if","locations":[{"start":{"line":41,"column":2},"end":{"line":44,"column":null}},{"start":{},"end":{}}],"line":41},"5":{"loc":{"start":{"line":43,"column":11},"end":{"line":43,"column":null}},"type":"binary-expr","locations":[{"start":{"line":43,"column":11},"end":{"line":43,"column":24}},{"start":{"line":43,"column":28},"end":{"line":43,"column":null}}],"line":43},"6":{"loc":{"start":{"line":45,"column":2},"end":{"line":48,"column":null}},"type":"if","locations":[{"start":{"line":45,"column":2},"end":{"line":48,"column":null}},{"start":{},"end":{}}],"line":45},"7":{"loc":{"start":{"line":47,"column":11},"end":{"line":47,"column":null}},"type":"binary-expr","locations":[{"start":{"line":47,"column":11},"end":{"line":47,"column":24}},{"start":{"line":47,"column":28},"end":{"line":47,"column":null}}],"line":47},"8":{"loc":{"start":{"line":61,"column":8},"end":{"line":61,"column":null}},"type":"if","locations":[{"start":{"line":61,"column":8},"end":{"line":61,"column":null}},{"start":{},"end":{}}],"line":61},"9":{"loc":{"start":{"line":74,"column":4},"end":{"line":79,"column":null}},"type":"if","locations":[{"start":{"line":74,"column":4},"end":{"line":79,"column":null}},{"start":{"line":75,"column":9},"end":{"line":79,"column":null}}],"line":74},"10":{"loc":{"start":{"line":87,"column":11},"end":{"line":115,"column":68}},"type":"cond-expr","locations":[{"start":{"line":86,"column":2},"end":{"line":93,"column":8}},{"start":{"line":95,"column":2},"end":{"line":115,"column":68}}],"line":87},"11":{"loc":{"start":{"line":89,"column":3},"end":{"line":91,"column":17}},"type":"binary-expr","locations":[{"start":{"line":89,"column":3},"end":{"line":89,"column":null}},{"start":{"line":89,"column":3},"end":{"line":91,"column":17}}],"line":89},"12":{"loc":{"start":{"line":91,"column":59},"end":{"line":91,"column":73}},"type":"binary-expr","locations":[{"start":{"line":91,"column":59},"end":{"line":91,"column":73}},{"start":{"line":91,"column":59},"end":{"line":91,"column":73}}],"line":91},"13":{"loc":{"start":{"line":91,"column":73},"end":{"line":93,"column":8}},"type":"binary-expr","locations":[{"start":{"line":91,"column":73},"end":{"line":91,"column":null}},{"start":{"line":91,"column":73},"end":{"line":93,"column":8}}],"line":91},"14":{"loc":{"start":{"line":96,"column":23},"end":{"line":96,"column":35}},"type":"binary-expr","locations":[{"start":{"line":96,"column":23},"end":{"line":96,"column":35}},{"start":{"line":96,"column":23},"end":{"line":96,"column":35}}],"line":96},"15":{"loc":{"start":{"line":101,"column":16},"end":{"line":115,"column":68}},"type":"cond-expr","locations":[{"start":{"line":100,"column":8},"end":{"line":115,"column":68}}],"line":101},"16":{"loc":{"start":{"line":107,"column":26},"end":{"line":115,"column":68}},"type":"cond-expr","locations":[{"start":{"line":107,"column":10},"end":{"line":107,"column":53}},{"start":{"line":109,"column":23},"end":{"line":115,"column":68}}],"line":107},"17":{"loc":{"start":{"line":109,"column":23},"end":{"line":115,"column":68}},"type":"cond-expr","locations":[{"start":{"line":108,"column":10},"end":{"line":112,"column":null}},{"start":{"line":114,"column":27},"end":{"line":115,"column":68}}],"line":109},"18":{"loc":{"start":{"line":114,"column":27},"end":{"line":115,"column":68}},"type":"cond-expr","locations":[{"start":{"line":114,"column":10},"end":{"line":114,"column":75}},{"start":{"line":115,"column":10},"end":{"line":115,"column":68}}],"line":114}},"s":{"0":9,"1":9,"2":9,"3":9,"4":9,"5":9,"6":9,"7":36,"8":0,"9":36,"10":0,"11":36,"12":13,"13":13,"14":13,"15":4,"16":1,"17":9,"18":3,"19":2,"20":6,"21":3,"22":2,"23":3,"24":3,"25":2,"26":0,"27":4,"28":4,"29":4,"30":16,"31":4,"32":16,"33":13,"34":13,"35":7,"36":7,"37":2,"38":9,"39":9,"40":9,"41":9,"42":4,"43":5,"44":5,"45":5,"46":1,"47":1,"48":1,"49":9,"50":2,"51":7,"52":27,"53":7},"f":{"0":0,"1":0,"2":13,"3":4,"4":16,"5":16,"6":13,"7":9,"8":9,"9":2,"10":7,"11":28,"12":27,"13":7},"b":{"0":[4,9],"1":[1,0],"2":[3,6],"3":[2,0],"4":[3,3],"5":[2,0],"6":[3,0],"7":[2,0],"8":[7,0],"9":[4,5],"10":[2,7],"11":[2,2],"12":[2,2],"13":[2,2],"14":[7,7],"15":[18],"16":[13,14],"17":[2,12],"18":[5,7]},"meta":{"lastBranch":19,"lastFunction":14,"lastStatement":54,"seen":{"s:8:13:8:Infinity":0,"s:10:14:15:Infinity":1,"s:17:14:17:Infinity":2,"s:18:21:18:Infinity":3,"s:19:19:19:Infinity":4,"s:20:16:20:Infinity":5,"s:23:0:27:Infinity":6,"s:24:15:24:Infinity":7,"f:24:25:24:26":0,"s:24:31:24:46":8,"s:25:16:25:Infinity":9,"f:25:26:25:27":1,"s:25:32:25:51":10,"s:26:1:26:Infinity":11,"f:29:15:29:25":2,"s:30:14:30:Infinity":12,"s:31:15:31:Infinity":13,"b:33:2:36:Infinity:undefined:undefined:undefined:undefined":0,"s:33:2:36:Infinity":14,"s:34:14:34:Infinity":15,"s:35:4:35:Infinity":16,"b:35:11:35:24:35:28:35:Infinity":1,"b:37:2:40:Infinity:undefined:undefined:undefined:undefined":2,"s:37:2:40:Infinity":17,"s:38:14:38:Infinity":18,"s:39:4:39:Infinity":19,"b:39:11:39:24:39:28:39:Infinity":3,"b:41:2:44:Infinity:undefined:undefined:undefined:undefined":4,"s:41:2:44:Infinity":20,"s:42:14:42:Infinity":21,"s:43:4:43:Infinity":22,"b:43:11:43:24:43:28:43:Infinity":5,"b:45:2:48:Infinity:undefined:undefined:undefined:undefined":6,"s:45:2:48:Infinity":23,"s:46:14:46:Infinity":24,"s:47:4:47:Infinity":25,"b:47:11:47:24:47:28:47:Infinity":7,"s:49:2:49:Infinity":26,"f:52:15:52:29":3,"s:53:2:53:Infinity":27,"s:54:2:54:Infinity":28,"s:55:2:55:Infinity":29,"f:55:53:55:54":4,"s:55:60:55:73":30,"s:57:2:68:Infinity":31,"f:58:17:58:18":5,"s:58:24:58:60":32,"f:58:66:58:71":6,"s:59:6:66:Infinity":33,"s:60:18:60:Infinity":34,"b:61:8:61:Infinity:undefined:undefined:undefined:undefined":8,"s:61:8:61:Infinity":35,"s:61:23:61:Infinity":36,"s:63:8:63:Infinity":37,"s:65:8:65:Infinity":38,"s:71:0:82:Infinity":39,"f:72:2:72:3":7,"s:72:8:72:22":40,"f:73:2:73:3":8,"b:74:4:79:Infinity:75:9:79:Infinity":9,"s:74:4:79:Infinity":41,"s:74:13:74:Infinity":42,"s:76:6:76:Infinity":43,"s:77:6:77:Infinity":44,"s:78:6:78:Infinity":45,"s:98:9:98:Infinity":46,"s:105:13:105:35":47,"s:106:13:106:Infinity":48,"s:87:11:115:68":49,"b:86:2:93:8:95:2:115:68":10,"b:89:3:89:Infinity:89:3:91:17":11,"f:91:34:91:59":9,"s:91:59:91:73":50,"b:91:59:91:73:91:59:91:73":12,"b:91:73:91:Infinity:91:73:93:8":13,"f:96:15:96:23":10,"s:96:23:96:35":51,"b:96:23:96:35:96:23:96:35":14,"f:99:33:99:41":11,"b:100:8:115:68":15,"f:105:8:105:13":12,"s:105:51:115:68":52,"b:107:10:107:53:109:23:115:68":16,"b:108:10:112:Infinity:114:27:115:68":17,"b:114:10:114:75:115:10:115:68":18,"f:115:27:115:30":13,"s:115:38:115:58":53}}}
,"/Users/markusmatoni/git/jskos-server-ui/src/views/PlaceholderView.vue": {"path":"/Users/markusmatoni/git/jskos-server-ui/src/views/PlaceholderView.vue","statementMap":{"0":{"start":{"line":2,"column":7},"end":{"line":2,"column":43}},"1":{"start":{"line":2,"column":2},"end":{"line":2,"column":61}}},"fnMap":{},"branchMap":{},"s":{"0":0,"1":0},"f":{},"b":{},"meta":{"lastBranch":0,"lastFunction":0,"lastStatement":2,"seen":{"s:2:7:2:43":0,"s:2:2:2:61":1}}}
}
